<?xml version="1.0" encoding="UTF-8"?>
<testsuite name="study.studyspring.StudySpringApplicationTests" tests="1" skipped="0" failures="0" errors="0" timestamp="2021-01-17T05:49:55" hostname="LAPTOP-3P5KHIKH" time="0.695">
  <properties/>
  <testcase name="contextLoads()" classname="study.studyspring.StudySpringApplicationTests" time="0.695"/>
  <system-out><![CDATA[14:49:52.224 [Test worker] DEBUG org.springframework.test.context.BootstrapUtils - Instantiating CacheAwareContextLoaderDelegate from class [org.springframework.test.context.cache.DefaultCacheAwareContextLoaderDelegate]
14:49:52.245 [Test worker] DEBUG org.springframework.test.context.BootstrapUtils - Instantiating BootstrapContext using constructor [public org.springframework.test.context.support.DefaultBootstrapContext(java.lang.Class,org.springframework.test.context.CacheAwareContextLoaderDelegate)]
14:49:52.294 [Test worker] DEBUG org.springframework.test.context.BootstrapUtils - Instantiating TestContextBootstrapper for test class [study.studyspring.StudySpringApplicationTests] from class [org.springframework.boot.test.context.SpringBootTestContextBootstrapper]
14:49:52.312 [Test worker] INFO org.springframework.boot.test.context.SpringBootTestContextBootstrapper - Neither @ContextConfiguration nor @ContextHierarchy found for test class [study.studyspring.StudySpringApplicationTests], using SpringBootContextLoader
14:49:52.318 [Test worker] DEBUG org.springframework.test.context.support.AbstractContextLoader - Did not detect default resource location for test class [study.studyspring.StudySpringApplicationTests]: class path resource [study/studyspring/StudySpringApplicationTests-context.xml] does not exist
14:49:52.319 [Test worker] DEBUG org.springframework.test.context.support.AbstractContextLoader - Did not detect default resource location for test class [study.studyspring.StudySpringApplicationTests]: class path resource [study/studyspring/StudySpringApplicationTestsContext.groovy] does not exist
14:49:52.319 [Test worker] INFO org.springframework.test.context.support.AbstractContextLoader - Could not detect default resource locations for test class [study.studyspring.StudySpringApplicationTests]: no resource found for suffixes {-context.xml, Context.groovy}.
14:49:52.320 [Test worker] INFO org.springframework.test.context.support.AnnotationConfigContextLoaderUtils - Could not detect default configuration classes for test class [study.studyspring.StudySpringApplicationTests]: StudySpringApplicationTests does not declare any static, non-private, non-final, nested classes annotated with @Configuration.
14:49:52.383 [Test worker] DEBUG org.springframework.test.context.support.ActiveProfilesUtils - Could not find an 'annotation declaring class' for annotation type [org.springframework.test.context.ActiveProfiles] and class [study.studyspring.StudySpringApplicationTests]
14:49:52.468 [Test worker] DEBUG org.springframework.context.annotation.ClassPathScanningCandidateComponentProvider - Identified candidate component class: file [C:\Users\ASUS\Desktop\spring\study-spring\study-spring\build\classes\java\main\study\studyspring\StudySpringApplication.class]
14:49:52.470 [Test worker] INFO org.springframework.boot.test.context.SpringBootTestContextBootstrapper - Found @SpringBootConfiguration study.studyspring.StudySpringApplication for test class study.studyspring.StudySpringApplicationTests
14:49:52.641 [Test worker] DEBUG org.springframework.boot.test.context.SpringBootTestContextBootstrapper - @TestExecutionListeners is not present for class [study.studyspring.StudySpringApplicationTests]: using defaults.
14:49:52.642 [Test worker] INFO org.springframework.boot.test.context.SpringBootTestContextBootstrapper - Loaded default TestExecutionListener class names from location [META-INF/spring.factories]: [org.springframework.boot.test.autoconfigure.restdocs.RestDocsTestExecutionListener, org.springframework.boot.test.autoconfigure.web.client.MockRestServiceServerResetTestExecutionListener, org.springframework.boot.test.autoconfigure.web.servlet.MockMvcPrintOnlyOnFailureTestExecutionListener, org.springframework.boot.test.autoconfigure.web.servlet.WebDriverTestExecutionListener, org.springframework.boot.test.autoconfigure.webservices.client.MockWebServiceServerTestExecutionListener, org.springframework.boot.test.mock.mockito.MockitoTestExecutionListener, org.springframework.boot.test.mock.mockito.ResetMocksTestExecutionListener, org.springframework.test.context.web.ServletTestExecutionListener, org.springframework.test.context.support.DirtiesContextBeforeModesTestExecutionListener, org.springframework.test.context.support.DependencyInjectionTestExecutionListener, org.springframework.test.context.support.DirtiesContextTestExecutionListener, org.springframework.test.context.transaction.TransactionalTestExecutionListener, org.springframework.test.context.jdbc.SqlScriptsTestExecutionListener, org.springframework.test.context.event.EventPublishingTestExecutionListener]
14:49:52.660 [Test worker] DEBUG org.springframework.boot.test.context.SpringBootTestContextBootstrapper - Skipping candidate TestExecutionListener [org.springframework.test.context.transaction.TransactionalTestExecutionListener] due to a missing dependency. Specify custom listener classes or make the default listener classes and their required dependencies available. Offending class: [org/springframework/transaction/interceptor/TransactionAttributeSource]
14:49:52.661 [Test worker] DEBUG org.springframework.boot.test.context.SpringBootTestContextBootstrapper - Skipping candidate TestExecutionListener [org.springframework.test.context.jdbc.SqlScriptsTestExecutionListener] due to a missing dependency. Specify custom listener classes or make the default listener classes and their required dependencies available. Offending class: [org/springframework/transaction/interceptor/TransactionAttribute]
14:49:52.661 [Test worker] INFO org.springframework.boot.test.context.SpringBootTestContextBootstrapper - Using TestExecutionListeners: [org.springframework.test.context.web.ServletTestExecutionListener@71cf6c6f, org.springframework.test.context.support.DirtiesContextBeforeModesTestExecutionListener@5bbd6a32, org.springframework.boot.test.mock.mockito.MockitoTestExecutionListener@2868fc0, org.springframework.boot.test.autoconfigure.SpringBootDependencyInjectionTestExecutionListener@6a23f126, org.springframework.test.context.support.DirtiesContextTestExecutionListener@60055419, org.springframework.test.context.event.EventPublishingTestExecutionListener@50d94ed1, org.springframework.boot.test.autoconfigure.restdocs.RestDocsTestExecutionListener@66173385, org.springframework.boot.test.autoconfigure.web.client.MockRestServiceServerResetTestExecutionListener@134854a0, org.springframework.boot.test.autoconfigure.web.servlet.MockMvcPrintOnlyOnFailureTestExecutionListener@59a77f4c, org.springframework.boot.test.autoconfigure.web.servlet.WebDriverTestExecutionListener@43920d6f, org.springframework.boot.test.autoconfigure.webservices.client.MockWebServiceServerTestExecutionListener@1cc69583, org.springframework.boot.test.mock.mockito.ResetMocksTestExecutionListener@4dfa3fef]
14:49:52.670 [Test worker] DEBUG org.springframework.test.context.support.AbstractDirtiesContextTestExecutionListener - Before test class: context [DefaultTestContext@696542 testClass = StudySpringApplicationTests, testInstance = [null], testMethod = [null], testException = [null], mergedContextConfiguration = [WebMergedContextConfiguration@6445c8c3 testClass = StudySpringApplicationTests, locations = '{}', classes = '{class study.studyspring.StudySpringApplication}', contextInitializerClasses = '[]', activeProfiles = '{}', propertySourceLocations = '{}', propertySourceProperties = '{org.springframework.boot.test.context.SpringBootTestContextBootstrapper=true}', contextCustomizers = set[org.springframework.boot.test.autoconfigure.actuate.metrics.MetricsExportContextCustomizerFactory$DisableMetricExportContextCustomizer@752bfe22, org.springframework.boot.test.autoconfigure.properties.PropertyMappingContextCustomizer@0, org.springframework.boot.test.autoconfigure.web.servlet.WebDriverContextCustomizerFactory$Customizer@67bfd80b, org.springframework.boot.test.context.filter.ExcludeFilterContextCustomizer@3eaee792, org.springframework.boot.test.json.DuplicateJsonObjectContextCustomizerFactory$DuplicateJsonObjectContextCustomizer@34db9fd, org.springframework.boot.test.mock.mockito.MockitoContextCustomizer@0, org.springframework.boot.test.web.client.TestRestTemplateContextCustomizer@542952ac, org.springframework.boot.test.context.SpringBootTestArgs@1, org.springframework.boot.test.context.SpringBootTestWebEnvironment@4235e920], resourceBasePath = 'src/main/webapp', contextLoader = 'org.springframework.boot.test.context.SpringBootContextLoader', parent = [null]], attributes = map['org.springframework.test.context.web.ServletTestExecutionListener.activateListener' -> true]], class annotated with @DirtiesContext [false] with mode [null].
14:49:52.719 [Test worker] DEBUG org.springframework.test.context.support.TestPropertySourceUtils - Adding inlined properties to environment: {spring.jmx.enabled=false, org.springframework.boot.test.context.SpringBootTestContextBootstrapper=true}

  .   ____          _            __ _ _
 /\\ / ___'_ __ _ _(_)_ __  __ _ \ \ \ \
( ( )\___ | '_ | '_| | '_ \/ _` | \ \ \ \
 \\/  ___)| |_)| | | | | || (_| |  ) ) ) )
  '  |____| .__|_| |_|_| |_\__, | / / / /
 =========|_|==============|___/=/_/_/_/
 :: Spring Boot ::                (v2.4.1)

2021-01-17 14:49:53.132  INFO 6148 --- [    Test worker] s.s.StudySpringApplicationTests          : Starting StudySpringApplicationTests using Java 16-ea on LAPTOP-3P5KHIKH with PID 6148 (started by ASUS in C:\Users\ASUS\Desktop\spring\study-spring\study-spring)
2021-01-17 14:49:53.135  INFO 6148 --- [    Test worker] s.s.StudySpringApplicationTests          : No active profile set, falling back to default profiles: default
2021-01-17 14:49:54.980  INFO 6148 --- [    Test worker] o.s.s.concurrent.ThreadPoolTaskExecutor  : Initializing ExecutorService 'applicationTaskExecutor'
2021-01-17 14:49:55.163  INFO 6148 --- [    Test worker] o.s.b.a.w.s.WelcomePageHandlerMapping    : Adding welcome page: class path resource [static/index.html]
2021-01-17 14:49:55.532  INFO 6148 --- [    Test worker] s.s.StudySpringApplicationTests          : Started StudySpringApplicationTests in 2.8 seconds (JVM running for 4.679)
]]></system-out>
  <system-err><![CDATA[]]></system-err>
</testsuite>
