<?xml version="1.0" encoding="UTF-8"?>
<testsuite name="study.studyspring.StudySpringApplicationTests" tests="1" skipped="0" failures="0" errors="0" timestamp="2021-01-10T10:58:32" hostname="LAPTOP-3P5KHIKH" time="0.572">
  <properties/>
  <testcase name="contextLoads()" classname="study.studyspring.StudySpringApplicationTests" time="0.572"/>
  <system-out><![CDATA[19:58:29.065 [Test worker] DEBUG org.springframework.test.context.BootstrapUtils - Instantiating CacheAwareContextLoaderDelegate from class [org.springframework.test.context.cache.DefaultCacheAwareContextLoaderDelegate]
19:58:29.090 [Test worker] DEBUG org.springframework.test.context.BootstrapUtils - Instantiating BootstrapContext using constructor [public org.springframework.test.context.support.DefaultBootstrapContext(java.lang.Class,org.springframework.test.context.CacheAwareContextLoaderDelegate)]
19:58:29.148 [Test worker] DEBUG org.springframework.test.context.BootstrapUtils - Instantiating TestContextBootstrapper for test class [study.studyspring.StudySpringApplicationTests] from class [org.springframework.boot.test.context.SpringBootTestContextBootstrapper]
19:58:29.167 [Test worker] INFO org.springframework.boot.test.context.SpringBootTestContextBootstrapper - Neither @ContextConfiguration nor @ContextHierarchy found for test class [study.studyspring.StudySpringApplicationTests], using SpringBootContextLoader
19:58:29.174 [Test worker] DEBUG org.springframework.test.context.support.AbstractContextLoader - Did not detect default resource location for test class [study.studyspring.StudySpringApplicationTests]: class path resource [study/studyspring/StudySpringApplicationTests-context.xml] does not exist
19:58:29.175 [Test worker] DEBUG org.springframework.test.context.support.AbstractContextLoader - Did not detect default resource location for test class [study.studyspring.StudySpringApplicationTests]: class path resource [study/studyspring/StudySpringApplicationTestsContext.groovy] does not exist
19:58:29.175 [Test worker] INFO org.springframework.test.context.support.AbstractContextLoader - Could not detect default resource locations for test class [study.studyspring.StudySpringApplicationTests]: no resource found for suffixes {-context.xml, Context.groovy}.
19:58:29.176 [Test worker] INFO org.springframework.test.context.support.AnnotationConfigContextLoaderUtils - Could not detect default configuration classes for test class [study.studyspring.StudySpringApplicationTests]: StudySpringApplicationTests does not declare any static, non-private, non-final, nested classes annotated with @Configuration.
19:58:29.238 [Test worker] DEBUG org.springframework.test.context.support.ActiveProfilesUtils - Could not find an 'annotation declaring class' for annotation type [org.springframework.test.context.ActiveProfiles] and class [study.studyspring.StudySpringApplicationTests]
19:58:29.326 [Test worker] DEBUG org.springframework.context.annotation.ClassPathScanningCandidateComponentProvider - Identified candidate component class: file [C:\Users\ASUS\Desktop\spring\study-spring\study-spring\build\classes\java\main\study\studyspring\StudySpringApplication.class]
19:58:29.329 [Test worker] INFO org.springframework.boot.test.context.SpringBootTestContextBootstrapper - Found @SpringBootConfiguration study.studyspring.StudySpringApplication for test class study.studyspring.StudySpringApplicationTests
19:58:29.502 [Test worker] DEBUG org.springframework.boot.test.context.SpringBootTestContextBootstrapper - @TestExecutionListeners is not present for class [study.studyspring.StudySpringApplicationTests]: using defaults.
19:58:29.503 [Test worker] INFO org.springframework.boot.test.context.SpringBootTestContextBootstrapper - Loaded default TestExecutionListener class names from location [META-INF/spring.factories]: [org.springframework.boot.test.autoconfigure.restdocs.RestDocsTestExecutionListener, org.springframework.boot.test.autoconfigure.web.client.MockRestServiceServerResetTestExecutionListener, org.springframework.boot.test.autoconfigure.web.servlet.MockMvcPrintOnlyOnFailureTestExecutionListener, org.springframework.boot.test.autoconfigure.web.servlet.WebDriverTestExecutionListener, org.springframework.boot.test.autoconfigure.webservices.client.MockWebServiceServerTestExecutionListener, org.springframework.boot.test.mock.mockito.MockitoTestExecutionListener, org.springframework.boot.test.mock.mockito.ResetMocksTestExecutionListener, org.springframework.test.context.web.ServletTestExecutionListener, org.springframework.test.context.support.DirtiesContextBeforeModesTestExecutionListener, org.springframework.test.context.support.DependencyInjectionTestExecutionListener, org.springframework.test.context.support.DirtiesContextTestExecutionListener, org.springframework.test.context.transaction.TransactionalTestExecutionListener, org.springframework.test.context.jdbc.SqlScriptsTestExecutionListener, org.springframework.test.context.event.EventPublishingTestExecutionListener]
19:58:29.521 [Test worker] DEBUG org.springframework.boot.test.context.SpringBootTestContextBootstrapper - Skipping candidate TestExecutionListener [org.springframework.test.context.transaction.TransactionalTestExecutionListener] due to a missing dependency. Specify custom listener classes or make the default listener classes and their required dependencies available. Offending class: [org/springframework/transaction/interceptor/TransactionAttributeSource]
19:58:29.522 [Test worker] DEBUG org.springframework.boot.test.context.SpringBootTestContextBootstrapper - Skipping candidate TestExecutionListener [org.springframework.test.context.jdbc.SqlScriptsTestExecutionListener] due to a missing dependency. Specify custom listener classes or make the default listener classes and their required dependencies available. Offending class: [org/springframework/transaction/interceptor/TransactionAttribute]
19:58:29.522 [Test worker] INFO org.springframework.boot.test.context.SpringBootTestContextBootstrapper - Using TestExecutionListeners: [org.springframework.test.context.web.ServletTestExecutionListener@1c7a9256, org.springframework.test.context.support.DirtiesContextBeforeModesTestExecutionListener@4d43e10f, org.springframework.boot.test.mock.mockito.MockitoTestExecutionListener@468ae480, org.springframework.boot.test.autoconfigure.SpringBootDependencyInjectionTestExecutionListener@47a589a9, org.springframework.test.context.support.DirtiesContextTestExecutionListener@f855b29, org.springframework.test.context.event.EventPublishingTestExecutionListener@5d1c884f, org.springframework.boot.test.autoconfigure.restdocs.RestDocsTestExecutionListener@4c23d988, org.springframework.boot.test.autoconfigure.web.client.MockRestServiceServerResetTestExecutionListener@2720f964, org.springframework.boot.test.autoconfigure.web.servlet.MockMvcPrintOnlyOnFailureTestExecutionListener@259a2ba, org.springframework.boot.test.autoconfigure.web.servlet.WebDriverTestExecutionListener@3b3e1c4e, org.springframework.boot.test.autoconfigure.webservices.client.MockWebServiceServerTestExecutionListener@69837d38, org.springframework.boot.test.mock.mockito.ResetMocksTestExecutionListener@49c852b5]
19:58:29.528 [Test worker] DEBUG org.springframework.test.context.support.AbstractDirtiesContextTestExecutionListener - Before test class: context [DefaultTestContext@6ed71292 testClass = StudySpringApplicationTests, testInstance = [null], testMethod = [null], testException = [null], mergedContextConfiguration = [WebMergedContextConfiguration@3583ab7b testClass = StudySpringApplicationTests, locations = '{}', classes = '{class study.studyspring.StudySpringApplication}', contextInitializerClasses = '[]', activeProfiles = '{}', propertySourceLocations = '{}', propertySourceProperties = '{org.springframework.boot.test.context.SpringBootTestContextBootstrapper=true}', contextCustomizers = set[org.springframework.boot.test.autoconfigure.actuate.metrics.MetricsExportContextCustomizerFactory$DisableMetricExportContextCustomizer@7b71c19d, org.springframework.boot.test.autoconfigure.properties.PropertyMappingContextCustomizer@0, org.springframework.boot.test.autoconfigure.web.servlet.WebDriverContextCustomizerFactory$Customizer@40a36717, org.springframework.boot.test.context.filter.ExcludeFilterContextCustomizer@73f663e7, org.springframework.boot.test.json.DuplicateJsonObjectContextCustomizerFactory$DuplicateJsonObjectContextCustomizer@6d5cf898, org.springframework.boot.test.mock.mockito.MockitoContextCustomizer@0, org.springframework.boot.test.web.client.TestRestTemplateContextCustomizer@65ef60f1, org.springframework.boot.test.context.SpringBootTestArgs@1, org.springframework.boot.test.context.SpringBootTestWebEnvironment@6af09f90], resourceBasePath = 'src/main/webapp', contextLoader = 'org.springframework.boot.test.context.SpringBootContextLoader', parent = [null]], attributes = map['org.springframework.test.context.web.ServletTestExecutionListener.activateListener' -> true]], class annotated with @DirtiesContext [false] with mode [null].
19:58:29.579 [Test worker] DEBUG org.springframework.test.context.support.TestPropertySourceUtils - Adding inlined properties to environment: {spring.jmx.enabled=false, org.springframework.boot.test.context.SpringBootTestContextBootstrapper=true}

  .   ____          _            __ _ _
 /\\ / ___'_ __ _ _(_)_ __  __ _ \ \ \ \
( ( )\___ | '_ | '_| | '_ \/ _` | \ \ \ \
 \\/  ___)| |_)| | | | | || (_| |  ) ) ) )
  '  |____| .__|_| |_|_| |_\__, | / / / /
 =========|_|==============|___/=/_/_/_/
 :: Spring Boot ::                (v2.4.1)

2021-01-10 19:58:30.022  INFO 16916 --- [    Test worker] s.s.StudySpringApplicationTests          : Starting StudySpringApplicationTests using Java 16-ea on LAPTOP-3P5KHIKH with PID 16916 (started by ASUS in C:\Users\ASUS\Desktop\spring\study-spring\study-spring)
2021-01-10 19:58:30.026  INFO 16916 --- [    Test worker] s.s.StudySpringApplicationTests          : No active profile set, falling back to default profiles: default
2021-01-10 19:58:31.749  INFO 16916 --- [    Test worker] o.s.s.concurrent.ThreadPoolTaskExecutor  : Initializing ExecutorService 'applicationTaskExecutor'
2021-01-10 19:58:31.940  INFO 16916 --- [    Test worker] o.s.b.a.w.s.WelcomePageHandlerMapping    : Adding welcome page: class path resource [static/index.html]
2021-01-10 19:58:32.299  INFO 16916 --- [    Test worker] s.s.StudySpringApplicationTests          : Started StudySpringApplicationTests in 2.709 seconds (JVM running for 4.598)
]]></system-out>
  <system-err><![CDATA[]]></system-err>
</testsuite>
